[2024-07-22 22:20:59] [WARNING]: 虚拟设备信息不存在, 将自动生成随机设备. 
[2024-07-22 22:21:00] [WARNING]: no usable sign server 
[2024-07-22 22:21:00] [WARNING]: 警告: 未配置签名服务器或签名服务器不可用, 这可能会导致登录 45 错误码或发送消息被风控 
[2024-07-22 22:21:20] [WARNING]: 检查协议更新失败: Get "https://ghproxy.com/https://raw.githubusercontent.com/RomiChan/protocol-versions/master/android_pad.json": context deadline exceeded (Client.Timeout exceeded while awaiting headers) 
[2024-07-22 22:21:20] [WARNING]: 登录需要滑条验证码, 请验证后重试. 
[2024-07-22 22:21:20] [WARNING]: 请选择提交滑块ticket方式: 
[2024-07-22 22:21:20] [WARNING]: 1. 自动提交 
[2024-07-22 22:21:20] [WARNING]: 2. 手动抓取提交 
[2024-07-22 22:21:20] [WARNING]: 请输入(1 - 2)： 
[2024-07-22 22:23:10] [WARNING]: 请前往该地址验证 -> https://ti.qq.com/safe/tools/captcha/sms-verify-login?aid=16&uin=3947543829&sid=6531167974871427807&cap_cd=8Efaymdjn8SM3y7Xfh5ORYsQUF3T0u2VKYVGhIbMsvC191rtc5D35Q**&clientype=1&apptype=2  
[2024-07-22 22:23:10] [WARNING]: 请输入ticket： (Enter 提交) 
[2024-07-22 22:29:17] [WARNING]: no usable sign server 
[2024-07-22 22:29:17] [WARNING]: 警告: 未配置签名服务器或签名服务器不可用, 这可能会导致登录 45 错误码或发送消息被风控 
[2024-07-22 22:29:37] [WARNING]: 检查协议更新失败: Get "https://ghproxy.com/https://raw.githubusercontent.com/RomiChan/protocol-versions/master/android_pad.json": context deadline exceeded (Client.Timeout exceeded while awaiting headers) 
[2024-07-22 22:29:38] [WARNING]: 登录需要滑条验证码, 请验证后重试. 
[2024-07-22 22:29:38] [WARNING]: 请选择提交滑块ticket方式: 
[2024-07-22 22:29:38] [WARNING]: 1. 自动提交 
[2024-07-22 22:29:38] [WARNING]: 2. 手动抓取提交 
[2024-07-22 22:29:38] [WARNING]: 请输入(1 - 2)： 
[2024-07-22 22:29:46] [WARNING]: 请前往该地址验证 -> https://ti.qq.com/safe/tools/captcha/sms-verify-login?aid=16&uin=3947543829&sid=5430851195346250960&cap_cd=ExDtLJViXUnQpbsM8V1Ph6WGGWpwaKGo5nXHogSaDaElnlXaHFl31w**&clientype=1&apptype=2  
[2024-07-22 22:31:15] [WARNING]: 账号密码未配置, 将使用二维码登录. 
[2024-07-22 22:31:15] [WARNING]: 将在 5秒 后继续. 
[2024-07-22 22:31:20] [WARNING]: no usable sign server 
[2024-07-22 22:31:20] [WARNING]: 警告: 未配置签名服务器或签名服务器不可用, 这可能会导致登录 45 错误码或发送消息被风控 
[2024-07-22 22:31:26] [WARNING]: 当前协议不支持二维码登录, 请配置账号密码登录. 
[2024-07-22 22:32:24] [WARNING]: 账号密码未配置, 将使用二维码登录. 
[2024-07-22 22:32:24] [WARNING]: 将在 5秒 后继续. 
[2024-07-22 22:32:29] [WARNING]: 自动注册实例已关闭，请配置 sign-server 端自动注册实例以保持正常签名 
[2024-07-22 22:32:35] [WARNING]: 当前协议不支持二维码登录, 请配置账号密码登录. 
[2024-07-22 22:33:36] [WARNING]: 自动注册实例已关闭，请配置 sign-server 端自动注册实例以保持正常签名 
[2024-07-22 22:33:42] [WARNING]: 获取T544 sign时出现错误: data is empty. 
[2024-07-22 22:33:42] [WARNING]: token 已过期, 总丢失 token 次数为 1 
[2024-07-22 22:33:42] [WARNING]: 登录需要滑条验证码, 请验证后重试. 
[2024-07-22 22:33:42] [WARNING]: 请选择提交滑块ticket方式: 
[2024-07-22 22:33:42] [WARNING]: 1. 自动提交 
[2024-07-22 22:33:42] [WARNING]: 2. 手动抓取提交 
[2024-07-22 22:33:42] [WARNING]: 请输入(1 - 2)： 
[2024-07-22 22:33:50] [WARNING]: 请前往该地址验证 -> https://ti.qq.com/safe/tools/captcha/sms-verify-login?aid=16&uin=3947543829&sid=4401711541563321797&cap_cd=XlHXSv5lxaUWEcXXqxr2IyKZElaAImVX0WZJC4OO8GSflawL7vi4lA**&clientype=1&apptype=2  
[2024-07-22 22:33:50] [WARNING]: 请输入ticket： (Enter 提交) 
[2024-07-22 22:37:56] [WARNING]: 获取T544 sign时出现错误: data is empty. 
[2024-07-22 22:37:56] [WARNING]: token 已过期, 总丢失 token 次数为 2 
[2024-07-22 22:37:57] [WARNING]: 登录失败: 登录失败，请前往QQ官网im.qq.com下载最新版QQ后重试，或通过问题反馈与我们联系。 Code: 45 
[2024-07-22 22:37:57] [WARNING]: 你的账号被限制登录, 请配置 SignServer 后重试 
[2024-07-22 22:55:24] [WARNING]: no usable sign server 
[2024-07-22 22:55:24] [WARNING]: 警告: 未配置签名服务器或签名服务器不可用, 这可能会导致登录 45 错误码或发送消息被风控 
[2024-07-22 22:55:30] [WARNING]: 登录需要滑条验证码, 请验证后重试. 
[2024-07-22 22:55:30] [WARNING]: 请选择提交滑块ticket方式: 
[2024-07-22 22:55:30] [WARNING]: 1. 自动提交 
[2024-07-22 22:55:30] [WARNING]: 2. 手动抓取提交 
[2024-07-22 22:55:30] [WARNING]: 请输入(1 - 2)： 
[2024-07-22 22:55:35] [WARNING]: 请前往该地址验证 -> https://ti.qq.com/safe/tools/captcha/sms-verify-login?aid=16&uin=3947543829&sid=1783495457832334049&cap_cd=Nq_ggb9X6nGb8Uwg9RlnmBfBwE1yqb53hN0_OYgi9aYKNhhIoae1CA**&clientype=1&apptype=2  
[2024-07-22 22:55:35] [WARNING]: 请输入ticket： (Enter 提交) 
[2024-07-22 22:56:00] [WARNING]: 登录失败: 登录失败，请前往QQ官网im.qq.com下载最新版QQ后重试，或通过问题反馈与我们联系。 Code: 45 
[2024-07-22 22:56:00] [WARNING]: 你的账号被限制登录, 请配置 SignServer 后重试 
[2024-07-22 23:03:26] [WARNING]: 自动注册实例已关闭，请配置 sign-server 端自动注册实例以保持正常签名 
[2024-07-22 23:03:32] [WARNING]: 获取T544 sign时出现错误: data is empty. 
[2024-07-22 23:03:32] [WARNING]: token 已过期, 总丢失 token 次数为 1 
[2024-07-22 23:03:32] [WARNING]: 登录需要滑条验证码, 请验证后重试. 
[2024-07-22 23:03:32] [WARNING]: 请选择提交滑块ticket方式: 
[2024-07-22 23:03:32] [WARNING]: 1. 自动提交 
[2024-07-22 23:03:32] [WARNING]: 2. 手动抓取提交 
[2024-07-22 23:03:32] [WARNING]: 请输入(1 - 2)： 
[2024-07-22 23:04:14] [WARNING]: 账号密码未配置, 将使用二维码登录. 
[2024-07-22 23:04:14] [WARNING]: 将在 5秒 后继续. 
[2024-07-22 23:04:19] [WARNING]: 自动注册实例已关闭，请配置 sign-server 端自动注册实例以保持正常签名 
[2024-07-22 23:04:25] [WARNING]: token 已过期, 总丢失 token 次数为 1 
[2024-07-22 23:04:26] [WARNING]: token 已过期, 总丢失 token 次数为 2 
[2024-07-22 23:04:27] [WARNING]: token 已过期, 总丢失 token 次数为 3 
[2024-07-22 23:04:28] [WARNING]: token 已过期, 总丢失 token 次数为 4 
[2024-07-22 23:04:29] [WARNING]: token 已过期, 总丢失 token 次数为 5 
[2024-07-22 23:04:30] [WARNING]: token 已过期, 总丢失 token 次数为 6 
[2024-07-22 23:04:31] [WARNING]: token 已过期, 总丢失 token 次数为 7 
[2024-07-22 23:04:32] [WARNING]: token 已过期, 总丢失 token 次数为 8 
[2024-07-22 23:04:33] [WARNING]: token 已过期, 总丢失 token 次数为 9 
[2024-07-22 23:04:34] [WARNING]: token 已过期, 总丢失 token 次数为 10 
[2024-07-22 23:04:35] [WARNING]: token 已过期, 总丢失 token 次数为 11 
[2024-07-22 23:04:36] [WARNING]: token 已过期, 总丢失 token 次数为 12 
[2024-07-22 23:04:37] [WARNING]: token 已过期, 总丢失 token 次数为 13 
[2024-07-22 23:04:38] [WARNING]: token 已过期, 总丢失 token 次数为 14 
[2024-07-22 23:04:39] [WARNING]: token 已过期, 总丢失 token 次数为 15 
[2024-07-22 23:04:40] [WARNING]: token 已过期, 总丢失 token 次数为 16 
[2024-07-22 23:04:41] [WARNING]: token 已过期, 总丢失 token 次数为 17 
[2024-07-22 23:04:43] [WARNING]: token 已过期, 总丢失 token 次数为 18 
[2024-07-22 23:04:44] [WARNING]: token 已过期, 总丢失 token 次数为 19 
[2024-07-22 23:04:45] [WARNING]: token 已过期, 总丢失 token 次数为 20 
[2024-07-22 23:04:46] [WARNING]: token 已过期, 总丢失 token 次数为 21 
[2024-07-22 23:04:47] [WARNING]: token 已过期, 总丢失 token 次数为 22 
[2024-07-22 23:04:48] [WARNING]: token 已过期, 总丢失 token 次数为 23 
[2024-07-22 23:04:49] [WARNING]: token 已过期, 总丢失 token 次数为 24 
[2024-07-22 23:04:50] [WARNING]: token 已过期, 总丢失 token 次数为 25 
[2024-07-22 23:04:51] [WARNING]: token 已过期, 总丢失 token 次数为 26 
[2024-07-22 23:04:52] [WARNING]: token 已过期, 总丢失 token 次数为 27 
[2024-07-22 23:04:53] [WARNING]: token 已过期, 总丢失 token 次数为 28 
[2024-07-22 23:04:54] [WARNING]: token 已过期, 总丢失 token 次数为 29 
[2024-07-22 23:04:54] [WARNING]: token 已过期, 总丢失 token 次数为 30 
[2024-07-22 23:04:54] [WARNING]: 登录失败: 你当前使用的QQ版本过低，请前往QQ官网im.qq.com下载最新版QQ后重试。 Code: 45 
[2024-07-22 23:04:54] [WARNING]: 你的账号被限制登录, 请配置 SignServer 后重试 
[2024-07-22 23:21:59] [WARNING]: 账号密码未配置, 将使用二维码登录. 
[2024-07-22 23:21:59] [WARNING]: 将在 5秒 后继续. 
[2024-07-22 23:22:04] [WARNING]: 自动注册实例已关闭，请配置 sign-server 端自动注册实例以保持正常签名 
[2024-07-22 23:22:09] [WARNING]: token 已过期, 总丢失 token 次数为 1 
[2024-07-22 23:22:10] [WARNING]: token 已过期, 总丢失 token 次数为 2 
[2024-07-22 23:22:11] [WARNING]: token 已过期, 总丢失 token 次数为 3 
[2024-07-22 23:22:13] [WARNING]: token 已过期, 总丢失 token 次数为 4 
[2024-07-22 23:22:14] [WARNING]: token 已过期, 总丢失 token 次数为 5 
[2024-07-22 23:22:15] [WARNING]: token 已过期, 总丢失 token 次数为 6 
[2024-07-22 23:22:16] [WARNING]: token 已过期, 总丢失 token 次数为 7 
[2024-07-22 23:22:17] [WARNING]: token 已过期, 总丢失 token 次数为 8 
[2024-07-22 23:22:18] [WARNING]: token 已过期, 总丢失 token 次数为 9 
[2024-07-22 23:22:19] [WARNING]: token 已过期, 总丢失 token 次数为 10 
[2024-07-22 23:22:20] [WARNING]: token 已过期, 总丢失 token 次数为 11 
[2024-07-22 23:22:21] [WARNING]: token 已过期, 总丢失 token 次数为 12 
[2024-07-22 23:22:22] [WARNING]: token 已过期, 总丢失 token 次数为 13 
[2024-07-22 23:22:23] [WARNING]: token 已过期, 总丢失 token 次数为 14 
[2024-07-22 23:22:23] [WARNING]: token 已过期, 总丢失 token 次数为 15 
[2024-07-22 23:22:23] [WARNING]: 登录失败: 你当前使用的QQ版本过低，请前往QQ官网im.qq.com下载最新版QQ后重试。 Code: 45 
[2024-07-22 23:22:23] [WARNING]: 你的账号被限制登录, 请配置 SignServer 后重试 
