[2024-07-23 00:36:17] [WARNING]: 账号密码未配置, 将使用二维码登录. 
[2024-07-23 00:36:17] [WARNING]: 虚拟设备信息不存在, 将自动生成随机设备. 
[2024-07-23 00:36:19] [WARNING]: 签名服务器 http://127.0.0.1:13579 可能不可用，请求出现错误：Get "http://127.0.0.1:13579": dial tcp 127.0.0.1:13579: connectex: No connection could be made because the target machine actively refused it. 
[2024-07-23 00:36:20] [WARNING]: 签名服务器 https://huggingface.co/spaces/logier/QQsign:443 可能不可用，请求出现错误：Get "https://huggingface.co/spaces/logier/QQsign:443": context deadline exceeded (Client.Timeout exceeded while awaiting headers) 
[2024-07-23 00:36:20] [WARNING]: no usable sign server 
[2024-07-23 00:36:20] [WARNING]: 警告: 未配置签名服务器或签名服务器不可用, 这可能会导致登录 45 错误码或发送消息被风控 
[2024-07-23 00:36:21] [WARNING]: 当前协议不支持二维码登录, 请配置账号密码登录. 
[2024-07-23 15:59:46] [WARNING]: 签名服务器 http://localhost:8080 可能不可用，请求出现错误：Get "http://localhost:8080": dial tcp [::1]:8080: connectex: No connection could be made because the target machine actively refused it. 
[2024-07-23 15:59:47] [WARNING]: 签名服务器 https://huggingface.co/spaces/logier/QQsign:443 可能不可用，请求出现错误：Get "https://huggingface.co/spaces/logier/QQsign:443": context deadline exceeded (Client.Timeout exceeded while awaiting headers) 
[2024-07-23 15:59:47] [WARNING]: no usable sign server 
[2024-07-23 15:59:47] [WARNING]: 警告: 未配置签名服务器或签名服务器不可用, 这可能会导致登录 45 错误码或发送消息被风控 
[2024-07-23 15:59:47] [WARNING]: 登录需要滑条验证码, 请验证后重试. 
[2024-07-23 15:59:47] [WARNING]: 请选择提交滑块ticket方式: 
[2024-07-23 15:59:47] [WARNING]: 1. 自动提交 
[2024-07-23 15:59:47] [WARNING]: 2. 手动抓取提交 
[2024-07-23 15:59:47] [WARNING]: 请输入(1 - 2)： 
[2024-07-23 16:31:01] [WARNING]: 签名服务器 http://localhost:8080 可能不可用，请求出现错误：Get "http://localhost:8080": dial tcp [::1]:8080: connectex: No connection could be made because the target machine actively refused it. 
[2024-07-23 16:31:01] [WARNING]: 签名服务器 https://huggingface.co/spaces/logier/QQsign:443 可能不可用，请求出现错误：Get "https://huggingface.co/spaces/logier/QQsign:443": context deadline exceeded (Client.Timeout exceeded while awaiting headers) 
[2024-07-23 16:31:01] [WARNING]: no usable sign server 
[2024-07-23 16:31:01] [WARNING]: 警告: 未配置签名服务器或签名服务器不可用, 这可能会导致登录 45 错误码或发送消息被风控 
